# JRE version: Java(TM) SE Runtime Environment (8.0_144-b01) (build 1.8.0_144-b01)
# Java VM: Java HotSpot(TM) 64-Bit Server VM (25.144-b01 mixed mode windows-amd64 compressed oops)
Heap:
 PSYoungGen      total 322048K, used 149217K [0x00000000eb580000, 0x0000000100000000, 0x0000000100000000)
  eden space 305152K, 48% used [0x00000000eb580000,0x00000000f4738498,0x00000000fdf80000)
  from space 16896K, 0% used [0x00000000fef80000,0x00000000fef80000,0x0000000100000000)
  to   space 16384K, 0% used [0x00000000fdf80000,0x00000000fdf80000,0x00000000fef80000)
 ParOldGen       total 50176K, used 32866K [0x00000000c2000000, 0x00000000c5100000, 0x00000000eb580000)
  object space 50176K, 65% used [0x00000000c2000000,0x00000000c40188d0,0x00000000c5100000)
 Metaspace       used 55093K, capacity 57867K, committed 58112K, reserved 1099776K
  class space    used 7577K, capacity 8090K, committed 8192K, reserved 1048576K
GC Heap History (10 events):
Event: 24.554 GC heap before
{Heap before GC invocations=13 (full 2):
 PSYoungGen      total 194048K, used 4744K [0x00000000eb580000, 0x00000000fd900000, 0x0000000100000000)
  eden space 181248K, 0% used [0x00000000eb580000,0x00000000eb580000,0x00000000f6680000)
  from space 12800K, 37% used [0x00000000f6680000,0x00000000f6b22210,0x00000000f7300000)
  to   space 12288K, 0% used [0x00000000fcd00000,0x00000000fcd00000,0x00000000fd900000)
 ParOldGen       total 30720K, used 24331K [0x00000000c2000000, 0x00000000c3e00000, 0x00000000eb580000)
  object space 30720K, 79% used [0x00000000c2000000,0x00000000c37c2fc0,0x00000000c3e00000)
 Metaspace       used 33619K, capacity 35286K, committed 35456K, reserved 1079296K
  class space    used 4530K, capacity 4875K, committed 4992K, reserved 1048576K
Event: 24.647 GC heap after
Heap after GC invocations=13 (full 2):
 PSYoungGen      total 194048K, used 0K [0x00000000eb580000, 0x00000000fd900000, 0x0000000100000000)
  eden space 181248K, 0% used [0x00000000eb580000,0x00000000eb580000,0x00000000f6680000)
  from space 12800K, 0% used [0x00000000f6680000,0x00000000f6680000,0x00000000f7300000)
  to   space 12288K, 0% used [0x00000000fcd00000,0x00000000fcd00000,0x00000000fd900000)
 ParOldGen       total 50176K, used 21418K [0x00000000c2000000, 0x00000000c5100000, 0x00000000eb580000)
  object space 50176K, 42% used [0x00000000c2000000,0x00000000c34eab38,0x00000000c5100000)
 Metaspace       used 33619K, capacity 35286K, committed 35456K, reserved 1079296K
  class space    used 4530K, capacity 4875K, committed 4992K, reserved 1048576K
}
Event: 28.505 GC heap before
{Heap before GC invocations=14 (full 2):
 PSYoungGen      total 194048K, used 181248K [0x00000000eb580000, 0x00000000fd900000, 0x0000000100000000)
  eden space 181248K, 100% used [0x00000000eb580000,0x00000000f6680000,0x00000000f6680000)
  from space 12800K, 0% used [0x00000000f6680000,0x00000000f6680000,0x00000000f7300000)
  to   space 12288K, 0% used [0x00000000fcd00000,0x00000000fcd00000,0x00000000fd900000)
 ParOldGen       total 50176K, used 21418K [0x00000000c2000000, 0x00000000c5100000, 0x00000000eb580000)
  object space 50176K, 42% used [0x00000000c2000000,0x00000000c34eab38,0x00000000c5100000)
 Metaspace       used 46171K, capacity 48350K, committed 48640K, reserved 1091584K
  class space    used 6403K, capacity 6821K, committed 6912K, reserved 1048576K
Event: 28.524 GC heap after
Heap after GC invocations=14 (full 2):
 PSYoungGen      total 274432K, used 12263K [0x00000000eb580000, 0x00000000fd900000, 0x0000000100000000)
  eden space 262144K, 0% used [0x00000000eb580000,0x00000000eb580000,0x00000000fb580000)
  from space 12288K, 99% used [0x00000000fcd00000,0x00000000fd8f9fa8,0x00000000fd900000)
  to   space 15360K, 0% used [0x00000000fbb00000,0x00000000fbb00000,0x00000000fca00000)
 ParOldGen       total 50176K, used 25188K [0x00000000c2000000, 0x00000000c5100000, 0x00000000eb580000)
  object space 50176K, 50% used [0x00000000c2000000,0x00000000c3899248,0x00000000c5100000)
 Metaspace       used 46171K, capacity 48350K, committed 48640K, reserved 1091584K
  class space    used 6403K, capacity 6821K, committed 6912K, reserved 1048576K
}
Event: 35.324 GC heap before
{Heap before GC invocations=15 (full 2):
 PSYoungGen      total 274432K, used 274407K [0x00000000eb580000, 0x00000000fd900000, 0x0000000100000000)
  eden space 262144K, 100% used [0x00000000eb580000,0x00000000fb580000,0x00000000fb580000)
  from space 12288K, 99% used [0x00000000fcd00000,0x00000000fd8f9fa8,0x00000000fd900000)
  to   space 15360K, 0% used [0x00000000fbb00000,0x00000000fbb00000,0x00000000fca00000)
 ParOldGen       total 50176K, used 25188K [0x00000000c2000000, 0x00000000c5100000, 0x00000000eb580000)
  object space 50176K, 50% used [0x00000000c2000000,0x00000000c3899248,0x00000000c5100000)
 Metaspace       used 51181K, capacity 53748K, committed 54016K, reserved 1095680K
  class space    used 7116K, capacity 7579K, committed 7680K, reserved 1048576K
Event: 35.354 GC heap after
Heap after GC invocations=15 (full 2):
 PSYoungGen      total 283136K, used 12958K [0x00000000eb580000, 0x0000000100000000, 0x0000000100000000)
  eden space 267776K, 0% used [0x00000000eb580000,0x00000000eb580000,0x00000000fbb00000)
  from space 15360K, 84% used [0x00000000fbb00000,0x00000000fc7a7910,0x00000000fca00000)
  to   space 16896K, 0% used [0x00000000fef80000,0x00000000fef80000,0x0000000100000000)
 ParOldGen       total 50176K, used 30913K [0x00000000c2000000, 0x00000000c5100000, 0x00000000eb580000)
  object space 50176K, 61% used [0x00000000c2000000,0x00000000c3e30540,0x00000000c5100000)
 Metaspace       used 51181K, capacity 53748K, committed 54016K, reserved 1095680K
  class space    used 7116K, capacity 7579K, committed 7680K, reserved 1048576K
}
Event: 112.607 GC heap before
{Heap before GC invocations=16 (full 2):
 PSYoungGen      total 283136K, used 224283K [0x00000000eb580000, 0x0000000100000000, 0x0000000100000000)
  eden space 267776K, 78% used [0x00000000eb580000,0x00000000f83df3b8,0x00000000fbb00000)
  from space 15360K, 84% used [0x00000000fbb00000,0x00000000fc7a7910,0x00000000fca00000)
  to   space 16896K, 0% used [0x00000000fef80000,0x00000000fef80000,0x0000000100000000)
 ParOldGen       total 50176K, used 30913K [0x00000000c2000000, 0x00000000c5100000, 0x00000000eb580000)
  object space 50176K, 61% used [0x00000000c2000000,0x00000000c3e30540,0x00000000c5100000)
 Metaspace       used 54965K, capacity 57661K, committed 57728K, reserved 1099776K
  class space    used 7559K, capacity 8047K, committed 8064K, reserved 1048576K
Event: 112.626 GC heap after
Heap after GC invocations=16 (full 2):
 PSYoungGen      total 322048K, used 4030K [0x00000000eb580000, 0x0000000100000000, 0x0000000100000000)
  eden space 305152K, 0% used [0x00000000eb580000,0x00000000eb580000,0x00000000fdf80000)
  from space 16896K, 23% used [0x00000000fef80000,0x00000000ff36fac8,0x0000000100000000)
  to   space 16384K, 0% used [0x00000000fdf80000,0x00000000fdf80000,0x00000000fef80000)
 ParOldGen       total 50176K, used 38849K [0x00000000c2000000, 0x00000000c5100000, 0x00000000eb580000)
  object space 50176K, 77% used [0x00000000c2000000,0x00000000c45f05e8,0x00000000c5100000)
 Metaspace       used 54965K, capacity 57661K, committed 57728K, reserved 1099776K
  class space    used 7559K, capacity 8047K, committed 8064K, reserved 1048576K
}
Event: 112.626 GC heap before
{Heap before GC invocations=17 (full 3):
 PSYoungGen      total 322048K, used 4030K [0x00000000eb580000, 0x0000000100000000, 0x0000000100000000)
  eden space 305152K, 0% used [0x00000000eb580000,0x00000000eb580000,0x00000000fdf80000)
  from space 16896K, 23% used [0x00000000fef80000,0x00000000ff36fac8,0x0000000100000000)
  to   space 16384K, 0% used [0x00000000fdf80000,0x00000000fdf80000,0x00000000fef80000)
 ParOldGen       total 50176K, used 38849K [0x00000000c2000000, 0x00000000c5100000, 0x00000000eb580000)
  object space 50176K, 77% used [0x00000000c2000000,0x00000000c45f05e8,0x00000000c5100000)
 Metaspace       used 54965K, capacity 57661K, committed 57728K, reserved 1099776K
  class space    used 7559K, capacity 8047K, committed 8064K, reserved 1048576K
Event: 113.122 GC heap after
Heap after GC invocations=17 (full 3):
 PSYoungGen      total 322048K, used 0K [0x00000000eb580000, 0x0000000100000000, 0x0000000100000000)
  eden space 305152K, 0% used [0x00000000eb580000,0x00000000eb580000,0x00000000fdf80000)
  from space 16896K, 0% used [0x00000000fef80000,0x00000000fef80000,0x0000000100000000)
  to   space 16384K, 0% used [0x00000000fdf80000,0x00000000fdf80000,0x00000000fef80000)
 ParOldGen       total 50176K, used 32866K [0x00000000c2000000, 0x00000000c5100000, 0x00000000eb580000)
  object space 50176K, 65% used [0x00000000c2000000,0x00000000c40188d0,0x00000000c5100000)
 Metaspace       used 54962K, capacity 57655K, committed 57728K, reserved 1099776K
  class space    used 7558K, capacity 8046K, committed 8064K, reserved 1048576K
}

