# JRE version: Java(TM) SE Runtime Environment (8.0_144-b01) (build 1.8.0_144-b01)
# Java VM: Java HotSpot(TM) 64-Bit Server VM (25.144-b01 mixed mode windows-amd64 compressed oops)
Heap:
 PSYoungGen      total 258560K, used 37284K [0x00000000eb580000, 0x00000000fce00000, 0x0000000100000000)
  eden space 257024K, 14% used [0x00000000eb580000,0x00000000ed9e90e0,0x00000000fb080000)
  from space 1536K, 0% used [0x00000000fcc80000,0x00000000fcc80000,0x00000000fce00000)
  to   space 11264K, 0% used [0x00000000fb800000,0x00000000fb800000,0x00000000fc300000)
 ParOldGen       total 30720K, used 20396K [0x00000000c2000000, 0x00000000c3e00000, 0x00000000eb580000)
  object space 30720K, 66% used [0x00000000c2000000,0x00000000c33eb228,0x00000000c3e00000)
 Metaspace       used 37101K, capacity 38818K, committed 39040K, reserved 1085440K
  class space    used 5148K, capacity 5497K, committed 5504K, reserved 1048576K
GC Heap History (10 events):
Event: 17.506 GC heap before
{Heap before GC invocations=11 (full 1):
 PSYoungGen      total 129024K, used 128997K [0x00000000eb580000, 0x00000000f7a00000, 0x0000000100000000)
  eden space 121856K, 100% used [0x00000000eb580000,0x00000000f2c80000,0x00000000f2c80000)
  from space 7168K, 99% used [0x00000000f2c80000,0x00000000f33795c0,0x00000000f3380000)
  to   space 8192K, 0% used [0x00000000f7200000,0x00000000f7200000,0x00000000f7a00000)
 ParOldGen       total 30720K, used 11199K [0x00000000c2000000, 0x00000000c3e00000, 0x00000000eb580000)
  object space 30720K, 36% used [0x00000000c2000000,0x00000000c2aefdd0,0x00000000c3e00000)
 Metaspace       used 30650K, capacity 32312K, committed 32512K, reserved 1077248K
  class space    used 4209K, capacity 4556K, committed 4608K, reserved 1048576K
Event: 17.523 GC heap after
Heap after GC invocations=11 (full 1):
 PSYoungGen      total 189440K, used 8189K [0x00000000eb580000, 0x00000000f8200000, 0x0000000100000000)
  eden space 181248K, 0% used [0x00000000eb580000,0x00000000eb580000,0x00000000f6680000)
  from space 8192K, 99% used [0x00000000f7200000,0x00000000f79ff700,0x00000000f7a00000)
  to   space 11776K, 0% used [0x00000000f6680000,0x00000000f6680000,0x00000000f7200000)
 ParOldGen       total 30720K, used 17600K [0x00000000c2000000, 0x00000000c3e00000, 0x00000000eb580000)
  object space 30720K, 57% used [0x00000000c2000000,0x00000000c3130278,0x00000000c3e00000)
 Metaspace       used 30650K, capacity 32312K, committed 32512K, reserved 1077248K
  class space    used 4209K, capacity 4556K, committed 4608K, reserved 1048576K
}
Event: 19.325 GC heap before
{Heap before GC invocations=12 (full 1):
 PSYoungGen      total 189440K, used 112964K [0x00000000eb580000, 0x00000000f8200000, 0x0000000100000000)
  eden space 181248K, 57% used [0x00000000eb580000,0x00000000f1bd1cf0,0x00000000f6680000)
  from space 8192K, 99% used [0x00000000f7200000,0x00000000f79ff700,0x00000000f7a00000)
  to   space 11776K, 0% used [0x00000000f6680000,0x00000000f6680000,0x00000000f7200000)
 ParOldGen       total 30720K, used 17600K [0x00000000c2000000, 0x00000000c3e00000, 0x00000000eb580000)
  object space 30720K, 57% used [0x00000000c2000000,0x00000000c3130278,0x00000000c3e00000)
 Metaspace       used 33636K, capacity 35310K, committed 35456K, reserved 1079296K
  class space    used 4541K, capacity 4907K, committed 4992K, reserved 1048576K
Event: 19.345 GC heap after
Heap after GC invocations=12 (full 1):
 PSYoungGen      total 193024K, used 4712K [0x00000000eb580000, 0x00000000fd780000, 0x0000000100000000)
  eden space 181248K, 0% used [0x00000000eb580000,0x00000000eb580000,0x00000000f6680000)
  from space 11776K, 40% used [0x00000000f6680000,0x00000000f6b1a350,0x00000000f7200000)
  to   space 11264K, 0% used [0x00000000fcc80000,0x00000000fcc80000,0x00000000fd780000)
 ParOldGen       total 30720K, used 25647K [0x00000000c2000000, 0x00000000c3e00000, 0x00000000eb580000)
  object space 30720K, 83% used [0x00000000c2000000,0x00000000c390be58,0x00000000c3e00000)
 Metaspace       used 33636K, capacity 35310K, committed 35456K, reserved 1079296K
  class space    used 4541K, capacity 4907K, committed 4992K, reserved 1048576K
}
Event: 19.345 GC heap before
{Heap before GC invocations=13 (full 2):
 PSYoungGen      total 193024K, used 4712K [0x00000000eb580000, 0x00000000fd780000, 0x0000000100000000)
  eden space 181248K, 0% used [0x00000000eb580000,0x00000000eb580000,0x00000000f6680000)
  from space 11776K, 40% used [0x00000000f6680000,0x00000000f6b1a350,0x00000000f7200000)
  to   space 11264K, 0% used [0x00000000fcc80000,0x00000000fcc80000,0x00000000fd780000)
 ParOldGen       total 30720K, used 25647K [0x00000000c2000000, 0x00000000c3e00000, 0x00000000eb580000)
  object space 30720K, 83% used [0x00000000c2000000,0x00000000c390be58,0x00000000c3e00000)
 Metaspace       used 33636K, capacity 35310K, committed 35456K, reserved 1079296K
  class space    used 4541K, capacity 4907K, committed 4992K, reserved 1048576K
Event: 19.440 GC heap after
Heap after GC invocations=13 (full 2):
 PSYoungGen      total 193024K, used 0K [0x00000000eb580000, 0x00000000fd780000, 0x0000000100000000)
  eden space 181248K, 0% used [0x00000000eb580000,0x00000000eb580000,0x00000000f6680000)
  from space 11776K, 0% used [0x00000000f6680000,0x00000000f6680000,0x00000000f7200000)
  to   space 11264K, 0% used [0x00000000fcc80000,0x00000000fcc80000,0x00000000fd780000)
 ParOldGen       total 30720K, used 21399K [0x00000000c2000000, 0x00000000c3e00000, 0x00000000eb580000)
  object space 30720K, 69% used [0x00000000c2000000,0x00000000c34e5f40,0x00000000c3e00000)
 Metaspace       used 33636K, capacity 35310K, committed 35456K, reserved 1079296K
  class space    used 4541K, capacity 4907K, committed 4992K, reserved 1048576K
}
Event: 19.912 GC heap before
{Heap before GC invocations=14 (full 2):
 PSYoungGen      total 193024K, used 16911K [0x00000000eb580000, 0x00000000fd780000, 0x0000000100000000)
  eden space 181248K, 9% used [0x00000000eb580000,0x00000000ec603fb0,0x00000000f6680000)
  from space 11776K, 0% used [0x00000000f6680000,0x00000000f6680000,0x00000000f7200000)
  to   space 11264K, 0% used [0x00000000fcc80000,0x00000000fcc80000,0x00000000fd780000)
 ParOldGen       total 30720K, used 21399K [0x00000000c2000000, 0x00000000c3e00000, 0x00000000eb580000)
  object space 30720K, 69% used [0x00000000c2000000,0x00000000c34e5f40,0x00000000c3e00000)
 Metaspace       used 34464K, capacity 36160K, committed 36224K, reserved 1085440K
  class space    used 4619K, capacity 4974K, committed 4992K, reserved 1048576K
Event: 19.915 GC heap after
Heap after GC invocations=14 (full 2):
 PSYoungGen      total 258560K, used 1373K [0x00000000eb580000, 0x00000000fce00000, 0x0000000100000000)
  eden space 257024K, 0% used [0x00000000eb580000,0x00000000eb580000,0x00000000fb080000)
  from space 1536K, 89% used [0x00000000fcc80000,0x00000000fcdd76a0,0x00000000fce00000)
  to   space 11264K, 0% used [0x00000000fb800000,0x00000000fb800000,0x00000000fc300000)
 ParOldGen       total 30720K, used 21407K [0x00000000c2000000, 0x00000000c3e00000, 0x00000000eb580000)
  object space 30720K, 69% used [0x00000000c2000000,0x00000000c34e7f40,0x00000000c3e00000)
 Metaspace       used 34464K, capacity 36160K, committed 36224K, reserved 1085440K
  class space    used 4619K, capacity 4974K, committed 4992K, reserved 1048576K
}
Event: 19.915 GC heap before
{Heap before GC invocations=15 (full 3):
 PSYoungGen      total 258560K, used 1373K [0x00000000eb580000, 0x00000000fce00000, 0x0000000100000000)
  eden space 257024K, 0% used [0x00000000eb580000,0x00000000eb580000,0x00000000fb080000)
  from space 1536K, 89% used [0x00000000fcc80000,0x00000000fcdd76a0,0x00000000fce00000)
  to   space 11264K, 0% used [0x00000000fb800000,0x00000000fb800000,0x00000000fc300000)
 ParOldGen       total 30720K, used 21407K [0x00000000c2000000, 0x00000000c3e00000, 0x00000000eb580000)
  object space 30720K, 69% used [0x00000000c2000000,0x00000000c34e7f40,0x00000000c3e00000)
 Metaspace       used 34464K, capacity 36160K, committed 36224K, reserved 1085440K
  class space    used 4619K, capacity 4974K, committed 4992K, reserved 1048576K
Event: 20.058 GC heap after
Heap after GC invocations=15 (full 3):
 PSYoungGen      total 258560K, used 0K [0x00000000eb580000, 0x00000000fce00000, 0x0000000100000000)
  eden space 257024K, 0% used [0x00000000eb580000,0x00000000eb580000,0x00000000fb080000)
  from space 1536K, 0% used [0x00000000fcc80000,0x00000000fcc80000,0x00000000fce00000)
  to   space 11264K, 0% used [0x00000000fb800000,0x00000000fb800000,0x00000000fc300000)
 ParOldGen       total 30720K, used 20396K [0x00000000c2000000, 0x00000000c3e00000, 0x00000000eb580000)
  object space 30720K, 66% used [0x00000000c2000000,0x00000000c33eb228,0x00000000c3e00000)
 Metaspace       used 34464K, capacity 36160K, committed 36224K, reserved 1083392K
  class space    used 4619K, capacity 4974K, committed 4992K, reserved 1048576K
}

